<?xml version="1.0" encoding="UTF-8"?>
<!-- Generated by org.testng.reporters.JUnitReportReporter -->
<testsuite hostname="LAPTOP-D9B72J2S" failures="0" tests="1" name="coforgetraining.airlineapiTest" time="3.095" errors="0" timestamp="2023-01-19T09:57:00 IST" skipped="0">
  <testcase classname="coforgetraining.airlineapiTest" name="createairlineTest" time="3.095"/>
  <system-out/>
</testsuite> <!-- coforgetraining.airlineapiTest -->
