<?xml version="1.0" encoding="UTF-8"?>
<!-- Generated by org.testng.reporters.JUnitReportReporter -->
<testsuite hostname="LAPTOP-D9B72J2S" failures="0" tests="1" name="files.SumValidation" time="1.422" errors="0" timestamp="2022-09-24T09:33:50 IST" skipped="0">
  <testcase classname="files.SumValidation" name="verify_course_price" time="1.422"/>
  <system-out/>
</testsuite> <!-- files.SumValidation -->
