<?xml version="1.0" encoding="UTF-8"?>
<!-- Generated by org.testng.reporters.JUnitReportReporter -->
<testsuite hostname="LAPTOP-D9B72J2S" failures="0" tests="1" name="payloadFromFile" time="2.800" errors="0" timestamp="2022-10-01T09:09:02 IST" skipped="0">
  <testcase classname="payloadFromFile" name="addPlace" time="2.800"/>
  <system-out/>
</testsuite> <!-- payloadFromFile -->
