<?xml version="1.0" encoding="UTF-8"?>
<!-- Generated by org.testng.reporters.JUnitReportReporter -->
<testsuite hostname="LAPTOP-D9B72J2S" failures="0" tests="1" name="DynamicJson" time="0.000" errors="0" timestamp="2022-10-14T12:25:06 IST" skipped="1">
  <testcase classname="DynamicJson" name="addBook" time="0.000">
    <skipped/>
  </testcase> <!-- addBook -->
  <system-out/>
</testsuite> <!-- DynamicJson -->
