<?xml version="1.0" encoding="UTF-8"?>
<!-- Generated by org.testng.reporters.JUnitReportReporter -->
<testsuite hostname="LAPTOP-D9B72J2S" failures="0" tests="1" name="utilities.createBookData" time="0.407" errors="0" timestamp="2022-10-14T12:00:32 IST" skipped="0">
  <testcase classname="utilities.createBookData" name="BookData" time="0.407"/>
  <system-out/>
</testsuite> <!-- utilities.createBookData -->
